---------- Date: 2015-07-19 22:12:10 ~ IP : 174.129.228.67 ----------
REQUEST URI : /index.php?route=checkout/checkout
MOD DETAILS:
   modFile   : /home/vandao/web/muabanxeoto24h/upload/vqmod/xml/seo-single-url-home-continue.xml
   id        : SEO Single Url - Continue Home Link
   version   : 1
   vqmver    : 2.1.7
   author    : www.zadenzo.com

File Name    : catalog/controller/checkout/*.php(0)
VQModObject::applyMod - SEARCH NOT FOUND (ABORTING MOD): $this->url->link('common/home')
----------------------------------------------------------------------


---------- Date: 2015-07-19 22:12:11 ~ IP : 174.129.228.67 ----------
REQUEST URI : /index.php?route=checkout/cart
MOD DETAILS:
   modFile   : /home/vandao/web/muabanxeoto24h/upload/vqmod/xml/seo-single-url-home-continue.xml
   id        : SEO Single Url - Continue Home Link
   version   : 1
   vqmver    : 2.1.7
   author    : www.zadenzo.com

File Name    : catalog/controller/checkout/*.php(0)
VQModObject::applyMod - SEARCH NOT FOUND (ABORTING MOD): $this->url->link('common/home')
----------------------------------------------------------------------


